# JRE version: Java(TM) SE Runtime Environment (17.0.11+7) (build 17.0.11+7-LTS-207)
# Java VM: Java HotSpot(TM) 64-Bit Server VM (17.0.11+7-LTS-207, mixed mode, emulated-client, sharing, tiered, compressed oops, compressed class ptrs, g1 gc, windows-amd64)
GC Precious Log:
 CPUs: 8 total, 8 available
 Memory: 7865M
 Large Page Support: Disabled
 NUMA Support: Disabled
 Compressed Oops: Enabled (32-bit)
 Heap Region Size: 1M
 Heap Min Capacity: 8M
 Heap Initial Capacity: 124M
 Heap Max Capacity: 1968M
 Pre-touch: Disabled
 Parallel Workers: 8
 Concurrent Workers: 2
 Concurrent Refinement Workers: 8
 Periodic GC: Disabled
Heap:
 garbage-first heap   total 126976K, used 56320K [0x0000000085000000, 0x0000000100000000)
  region size 1024K, 3 young (3072K), 3 survivors (3072K)
 Metaspace       used 74640K, committed 75264K, reserved 1114112K
  class space    used 11113K, committed 11392K, reserved 1048576K
GC Heap History (20 events):
Event: 56.816 GC heap after
{Heap after GC invocations=25 (full 0):
 garbage-first heap   total 61440K, used 36130K [0x0000000085000000, 0x0000000100000000)
  region size 1024K, 2 young (2048K), 2 survivors (2048K)
 Metaspace       used 66620K, committed 67264K, reserved 1114112K
  class space    used 9863K, committed 10176K, reserved 1048576K
}
Event: 57.380 GC heap before
{Heap before GC invocations=25 (full 0):
 garbage-first heap   total 61440K, used 50466K [0x0000000085000000, 0x0000000100000000)
  region size 1024K, 17 young (17408K), 2 survivors (2048K)
 Metaspace       used 68249K, committed 68864K, reserved 1114112K
  class space    used 10216K, committed 10496K, reserved 1048576K
}
Event: 57.385 GC heap after
{Heap after GC invocations=26 (full 0):
 garbage-first heap   total 61440K, used 36566K [0x0000000085000000, 0x0000000100000000)
  region size 1024K, 2 young (2048K), 2 survivors (2048K)
 Metaspace       used 68249K, committed 68864K, reserved 1114112K
  class space    used 10216K, committed 10496K, reserved 1048576K
}
Event: 57.565 GC heap before
{Heap before GC invocations=27 (full 0):
 garbage-first heap   total 63488K, used 51926K [0x0000000085000000, 0x0000000100000000)
  region size 1024K, 17 young (17408K), 2 survivors (2048K)
 Metaspace       used 68402K, committed 68992K, reserved 1114112K
  class space    used 10246K, committed 10560K, reserved 1048576K
}
Event: 57.569 GC heap after
{Heap after GC invocations=28 (full 0):
 garbage-first heap   total 63488K, used 37201K [0x0000000085000000, 0x0000000100000000)
  region size 1024K, 2 young (2048K), 2 survivors (2048K)
 Metaspace       used 68402K, committed 68992K, reserved 1114112K
  class space    used 10246K, committed 10560K, reserved 1048576K
}
Event: 57.576 GC heap before
{Heap before GC invocations=28 (full 0):
 garbage-first heap   total 63488K, used 38225K [0x0000000085000000, 0x0000000100000000)
  region size 1024K, 3 young (3072K), 2 survivors (2048K)
 Metaspace       used 68402K, committed 68992K, reserved 1114112K
  class space    used 10246K, committed 10560K, reserved 1048576K
}
Event: 57.579 GC heap after
{Heap after GC invocations=29 (full 0):
 garbage-first heap   total 63488K, used 36616K [0x0000000085000000, 0x0000000100000000)
  region size 1024K, 1 young (1024K), 1 survivors (1024K)
 Metaspace       used 68402K, committed 68992K, reserved 1114112K
  class space    used 10246K, committed 10560K, reserved 1048576K
}
Event: 58.104 GC heap before
{Heap before GC invocations=29 (full 0):
 garbage-first heap   total 63488K, used 50952K [0x0000000085000000, 0x0000000100000000)
  region size 1024K, 16 young (16384K), 1 survivors (1024K)
 Metaspace       used 70324K, committed 70912K, reserved 1114112K
  class space    used 10539K, committed 10816K, reserved 1048576K
}
Event: 58.111 GC heap after
{Heap after GC invocations=30 (full 0):
 garbage-first heap   total 63488K, used 37421K [0x0000000085000000, 0x0000000100000000)
  region size 1024K, 1 young (1024K), 1 survivors (1024K)
 Metaspace       used 70324K, committed 70912K, reserved 1114112K
  class space    used 10539K, committed 10816K, reserved 1048576K
}
Event: 58.313 GC heap before
{Heap before GC invocations=31 (full 0):
 garbage-first heap   total 76800K, used 51757K [0x0000000085000000, 0x0000000100000000)
  region size 1024K, 15 young (15360K), 1 survivors (1024K)
 Metaspace       used 70327K, committed 70912K, reserved 1114112K
  class space    used 10540K, committed 10816K, reserved 1048576K
}
Event: 58.318 GC heap after
{Heap after GC invocations=32 (full 0):
 garbage-first heap   total 76800K, used 37877K [0x0000000085000000, 0x0000000100000000)
  region size 1024K, 2 young (2048K), 2 survivors (2048K)
 Metaspace       used 70327K, committed 70912K, reserved 1114112K
  class space    used 10540K, committed 10816K, reserved 1048576K
}
Event: 58.772 GC heap before
{Heap before GC invocations=32 (full 0):
 garbage-first heap   total 76800K, used 61429K [0x0000000085000000, 0x0000000100000000)
  region size 1024K, 25 young (25600K), 2 survivors (2048K)
 Metaspace       used 70974K, committed 71552K, reserved 1114112K
  class space    used 10646K, committed 10944K, reserved 1048576K
}
Event: 58.778 GC heap after
{Heap after GC invocations=33 (full 0):
 garbage-first heap   total 76800K, used 38026K [0x0000000085000000, 0x0000000100000000)
  region size 1024K, 2 young (2048K), 2 survivors (2048K)
 Metaspace       used 70974K, committed 71552K, reserved 1114112K
  class space    used 10646K, committed 10944K, reserved 1048576K
}
Event: 59.951 GC heap before
{Heap before GC invocations=34 (full 0):
 garbage-first heap   total 76800K, used 61578K [0x0000000085000000, 0x0000000100000000)
  region size 1024K, 26 young (26624K), 2 survivors (2048K)
 Metaspace       used 74581K, committed 75264K, reserved 1114112K
  class space    used 11101K, committed 11392K, reserved 1048576K
}
Event: 59.960 GC heap after
{Heap after GC invocations=35 (full 0):
 garbage-first heap   total 76800K, used 40306K [0x0000000085000000, 0x0000000100000000)
  region size 1024K, 4 young (4096K), 4 survivors (4096K)
 Metaspace       used 74581K, committed 75264K, reserved 1114112K
  class space    used 11101K, committed 11392K, reserved 1048576K
}
Event: 60.181 GC heap before
{Heap before GC invocations=35 (full 0):
 garbage-first heap   total 76800K, used 61810K [0x0000000085000000, 0x0000000100000000)
  region size 1024K, 25 young (25600K), 4 survivors (4096K)
 Metaspace       used 74640K, committed 75264K, reserved 1114112K
  class space    used 11113K, committed 11392K, reserved 1048576K
}
Event: 60.195 GC heap after
{Heap after GC invocations=36 (full 0):
 garbage-first heap   total 76800K, used 44810K [0x0000000085000000, 0x0000000100000000)
  region size 1024K, 4 young (4096K), 4 survivors (4096K)
 Metaspace       used 74640K, committed 75264K, reserved 1114112K
  class space    used 11113K, committed 11392K, reserved 1048576K
}
Event: 60.377 GC heap before
{Heap before GC invocations=37 (full 0):
 garbage-first heap   total 86016K, used 59146K [0x0000000085000000, 0x0000000100000000)
  region size 1024K, 19 young (19456K), 4 survivors (4096K)
 Metaspace       used 74640K, committed 75264K, reserved 1114112K
  class space    used 11113K, committed 11392K, reserved 1048576K
}
Event: 60.392 GC heap after
{Heap after GC invocations=38 (full 0):
 garbage-first heap   total 86016K, used 50801K [0x0000000085000000, 0x0000000100000000)
  region size 1024K, 3 young (3072K), 3 survivors (3072K)
 Metaspace       used 74640K, committed 75264K, reserved 1114112K
  class space    used 11113K, committed 11392K, reserved 1048576K
}
Event: 60.490 GC heap before
{Heap before GC invocations=38 (full 0):
 garbage-first heap   total 86016K, used 65137K [0x0000000085000000, 0x0000000100000000)
  region size 1024K, 17 young (17408K), 3 survivors (3072K)
 Metaspace       used 74640K, committed 75264K, reserved 1114112K
  class space    used 11113K, committed 11392K, reserved 1048576K
}

